<?xml version="1.0" encoding="UTF-8"?>
<testsuite xmlns:xsi="http://www.w3.org/2001/XMLSchema-instance" xsi:noNamespaceSchemaLocation="https://maven.apache.org/surefire/maven-surefire-plugin/xsd/surefire-test-report.xsd" name="com.example.TesiIntegrazioneProgettoEsterno.Test_Robula" time="1.095" tests="2" errors="2" skipped="0" failures="0">
  <properties>
[...]
</properties>
  <testcase name="test_loc_Robula_release_1_1" classname="com.example.TesiIntegrazioneProgettoEsterno.Test_Robula" time="1.065">
    <error message="session not created: This version of ChromeDriver only supports Chrome version 114&#10;Current browser version is 123.0.6312.58 with binary path /usr/bin/google-chrome&#10;Build info: version: &apos;4.0.0-alpha-3&apos;, revision: &apos;8c567de6dc&apos;&#10;System info: host: &apos;fv-az1205-52&apos;, ip: &apos;10.1.0.84&apos;, os.name: &apos;Linux&apos;, os.arch: &apos;amd64&apos;, os.version: &apos;6.5.0-1016-azure&apos;, java.version: &apos;1.8.0_402&apos;&#10;Driver info: driver.version: ChromeDriver&#10;remote stacktrace: #0 0x55bf273754e3 &lt;unknown&gt;&#10;#1 0x55bf270a4c76 &lt;unknown&gt;&#10;#2 0x55bf270d204a &lt;unknown&gt;&#10;#3 0x55bf270cd4a1 &lt;unknown&gt;&#10;#4 0x55bf270ca029 &lt;unknown&gt;&#10;#5 0x55bf27108ccc &lt;unknown&gt;&#10;#6 0x55bf2710847f &lt;unknown&gt;&#10;#7 0x55bf270ffde3 &lt;unknown&gt;&#10;#8 0x55bf270d52dd &lt;unknown&gt;&#10;#9 0x55bf270d634e &lt;unknown&gt;&#10;#10 0x55bf273353e4 &lt;unknown&gt;&#10;#11 0x55bf273393d7 &lt;unknown&gt;&#10;#12 0x55bf27343b20 &lt;unknown&gt;&#10;#13 0x55bf2733a023 &lt;unknown&gt;&#10;#14 0x55bf273081aa &lt;unknown&gt;&#10;#15 0x55bf2735e6b8 &lt;unknown&gt;&#10;#16 0x55bf2735e847 &lt;unknown&gt;&#10;#17 0x55bf2736e243 &lt;unknown&gt;&#10;#18 0x7f53a9a94ac3 &lt;unknown&gt;&#10;" type="org.openqa.selenium.SessionNotCreatedException"><![CDATA[org.openqa.selenium.SessionNotCreatedException: 
session not created: This version of ChromeDriver only supports Chrome version 114
Current browser version is 123.0.6312.58 with binary path /usr/bin/google-chrome
Build info: version: '4.0.0-alpha-3', revision: '8c567de6dc'
System info: host: 'fv-az1205-52', ip: '10.1.0.84', os.name: 'Linux', os.arch: 'amd64', os.version: '6.5.0-1016-azure', java.version: '1.8.0_402'
Driver info: driver.version: ChromeDriver
remote stacktrace: #0 0x55bf273754e3 <unknown>
#1 0x55bf270a4c76 <unknown>
#2 0x55bf270d204a <unknown>
#3 0x55bf270cd4a1 <unknown>
#4 0x55bf270ca029 <unknown>
#5 0x55bf27108ccc <unknown>
#6 0x55bf2710847f <unknown>
#7 0x55bf270ffde3 <unknown>
#8 0x55bf270d52dd <unknown>
#9 0x55bf270d634e <unknown>
#10 0x55bf273353e4 <unknown>
#11 0x55bf273393d7 <unknown>
#12 0x55bf27343b20 <unknown>
#13 0x55bf2733a023 <unknown>
#14 0x55bf273081aa <unknown>
#15 0x55bf2735e6b8 <unknown>
#16 0x55bf2735e847 <unknown>
#17 0x55bf2736e243 <unknown>
#18 0x7f53a9a94ac3 <unknown>

	at com.example.TesiIntegrazioneProgettoEsterno.Test_Robula.setUp(Test_Robula.java:32)
]]></error>
    <system-err><![CDATA[[main] INFO io.github.bonigarcia.wdm.WebDriverManager - Please answer the following questionnaire based on your experience with WebDriverManager. Thanks a lot!
[main] INFO io.github.bonigarcia.wdm.WebDriverManager - ====> http://tiny.cc/wdm-survey <====
[main] ERROR io.github.bonigarcia.wdm.online.HttpClient - Error HTTP 404 executing https://chromedriver.storage.googleapis.com/LATEST_RELEASE_123
[main] WARN io.github.bonigarcia.wdm.versions.VersionDetector - Exception reading https://chromedriver.storage.googleapis.com/LATEST_RELEASE_123 to get latest version of chromedriver (Error HTTP 404 executing https://chromedriver.storage.googleapis.com/LATEST_RELEASE_123)
[main] INFO io.github.bonigarcia.wdm.WebDriverManager - Exporting webdriver.chrome.driver as /home/runner/.m2/repository/webdriver/chromedriver/linux64/114.0.5735.90/chromedriver
Starting ChromeDriver 114.0.5735.90 (386bc09e8f4f2e025eddae123f36f6263096ae49-refs/branch-heads/5735@{#1052}) on port 18072
All remote connections are allowed. Use an allowlist instead!
Please see https://chromedriver.chromium.org/security-considerations for suggestions on keeping ChromeDriver safe.
ChromeDriver was started successfully.
]]></system-err>
  </testcase>
  <testcase name="test_loc_Robula_release_1_1" classname="com.example.TesiIntegrazioneProgettoEsterno.Test_Robula" time="1.066">
    <error type="java.lang.NullPointerException">java.lang.NullPointerException
	at com.example.TesiIntegrazioneProgettoEsterno.Test_Robula.tearDown(Test_Robula.java:62)
</error>
  </testcase>
</testsuite>